

Microchip MPLAB XC8 Assembler V2.31 build 20201012212115 
                                                                                               Mon Apr 12 17:11:34 2021

Microchip MPLAB XC8 C Compiler v2.31 (Free license) build 20201012212115 Og1 
     1                           	processor	16F887
     2                           	pagewidth 120
     3                           	opt	flic
     4                           	psect	cinit,global,class=CODE,merge=1,delta=2
     5                           	psect	bssCOMMON,global,class=COMMON,space=1,delta=1,noexec
     6                           	psect	bssBANK0,global,class=BANK0,space=1,delta=1,noexec
     7                           	psect	cstackCOMMON,global,class=COMMON,space=1,delta=1,noexec
     8                           	psect	cstackBANK0,global,class=BANK0,space=1,delta=1,noexec
     9                           	psect	maintext,global,class=CODE,split=1,delta=2
    10                           	psect	text1,local,class=CODE,merge=1,delta=2
    11                           	psect	text2,local,class=CODE,merge=1,delta=2
    12                           	psect	text3,local,class=CODE,merge=1,delta=2,group=1
    13                           	psect	text4,local,class=CODE,merge=1,delta=2,group=1
    14                           	psect	text5,local,class=CODE,merge=1,delta=2
    15                           	psect	text6,local,class=CODE,merge=1,delta=2
    16                           	psect	intentry,global,class=CODE,delta=2
    17                           	psect	config,global,abs,ovrld,class=CONFIG,space=4,delta=2,noexec
    18                           	dabs	1,0x7E,2
    19  0000                     
    20                           ; Version 2.20
    21                           ; Generated 12/02/2020 GMT
    22                           ; 
    23                           ; Copyright © 2020, Microchip Technology Inc. and its subsidiaries ("Microchip")
    24                           ; All rights reserved.
    25                           ; 
    26                           ; This software is developed by Microchip Technology Inc. and its subsidiaries ("Microch
      +                          ip").
    27                           ; 
    28                           ; Redistribution and use in source and binary forms, with or without modification, are
    29                           ; permitted provided that the following conditions are met:
    30                           ; 
    31                           ;     1. Redistributions of source code must retain the above copyright notice, this lis
      +                          t of
    32                           ;        conditions and the following disclaimer.
    33                           ; 
    34                           ;     2. Redistributions in binary form must reproduce the above copyright notice, this 
      +                          list
    35                           ;        of conditions and the following disclaimer in the documentation and/or other
    36                           ;        materials provided with the distribution.
    37                           ; 
    38                           ;     3. Microchip's name may not be used to endorse or promote products derived from th
      +                          is
    39                           ;        software without specific prior written permission.
    40                           ; 
    41                           ; THIS SOFTWARE IS PROVIDED BY MICROCHIP "AS IS" AND ANY EXPRESS OR IMPLIED WARRANTIES,
    42                           ; INCLUDING, BUT NOT LIMITED TO, THE IMPLIED WARRANTIES OF MERCHANTABILITY AND FITNESS F
      +                          OR
    43                           ; PURPOSE ARE DISCLAIMED.  IN NO EVENT SHALL MICROCHIP BE LIABLE FOR ANY DIRECT, INDIREC
      +                          T,
    44                           ; INCIDENTAL, SPECIAL, EXEMPLARY, OR CONSEQUENTIAL DAMAGES (INCLUDING BUT NOT LIMITED TO
    45                           ; PROCUREMENT OF SUBSTITUTE GOODS OR SERVICES; LOSS OF USE, DATA OR PROFITS; OR BUSINESS
    46                           ; INTERRUPTION) HOWSOEVER CAUSED AND ON ANY THEORY OF LIABILITY, WHETHER IN CONTRACT, ST
      +                          RICT
    47                           ; LIABILITY, OR TORT (INCLUDING NEGLIGENCE OR OTHERWISE) ARISING IN ANY WAY OUT OF THE U
      +                          SE OF
    48                           ; THIS SOFTWARE, EVEN IF ADVISED OF THE POSSIBILITY OF SUCH DAMAGE.
    49                           ; 
    50                           ; 
    51                           ; Code-generator required, PIC16F887 Definitions
    52                           ; 
    53                           ; SFR Addresses
    54  0000                     	;# 
    55  0001                     	;# 
    56  0002                     	;# 
    57  0003                     	;# 
    58  0004                     	;# 
    59  0005                     	;# 
    60  0006                     	;# 
    61  0007                     	;# 
    62  0008                     	;# 
    63  0009                     	;# 
    64  000A                     	;# 
    65  000B                     	;# 
    66  000C                     	;# 
    67  000D                     	;# 
    68  000E                     	;# 
    69  000E                     	;# 
    70  000F                     	;# 
    71  0010                     	;# 
    72  0011                     	;# 
    73  0012                     	;# 
    74  0013                     	;# 
    75  0014                     	;# 
    76  0015                     	;# 
    77  0015                     	;# 
    78  0016                     	;# 
    79  0017                     	;# 
    80  0018                     	;# 
    81  0019                     	;# 
    82  001A                     	;# 
    83  001B                     	;# 
    84  001B                     	;# 
    85  001C                     	;# 
    86  001D                     	;# 
    87  001E                     	;# 
    88  001F                     	;# 
    89  0081                     	;# 
    90  0085                     	;# 
    91  0086                     	;# 
    92  0087                     	;# 
    93  0088                     	;# 
    94  0089                     	;# 
    95  008C                     	;# 
    96  008D                     	;# 
    97  008E                     	;# 
    98  008F                     	;# 
    99  0090                     	;# 
   100  0091                     	;# 
   101  0092                     	;# 
   102  0093                     	;# 
   103  0093                     	;# 
   104  0093                     	;# 
   105  0094                     	;# 
   106  0095                     	;# 
   107  0096                     	;# 
   108  0097                     	;# 
   109  0098                     	;# 
   110  0099                     	;# 
   111  009A                     	;# 
   112  009B                     	;# 
   113  009C                     	;# 
   114  009D                     	;# 
   115  009E                     	;# 
   116  009F                     	;# 
   117  0105                     	;# 
   118  0107                     	;# 
   119  0108                     	;# 
   120  0109                     	;# 
   121  010C                     	;# 
   122  010C                     	;# 
   123  010D                     	;# 
   124  010E                     	;# 
   125  010F                     	;# 
   126  0185                     	;# 
   127  0187                     	;# 
   128  0188                     	;# 
   129  0189                     	;# 
   130  018C                     	;# 
   131  018D                     	;# 
   132  0000                     	;# 
   133  0001                     	;# 
   134  0002                     	;# 
   135  0003                     	;# 
   136  0004                     	;# 
   137  0005                     	;# 
   138  0006                     	;# 
   139  0007                     	;# 
   140  0008                     	;# 
   141  0009                     	;# 
   142  000A                     	;# 
   143  000B                     	;# 
   144  000C                     	;# 
   145  000D                     	;# 
   146  000E                     	;# 
   147  000E                     	;# 
   148  000F                     	;# 
   149  0010                     	;# 
   150  0011                     	;# 
   151  0012                     	;# 
   152  0013                     	;# 
   153  0014                     	;# 
   154  0015                     	;# 
   155  0015                     	;# 
   156  0016                     	;# 
   157  0017                     	;# 
   158  0018                     	;# 
   159  0019                     	;# 
   160  001A                     	;# 
   161  001B                     	;# 
   162  001B                     	;# 
   163  001C                     	;# 
   164  001D                     	;# 
   165  001E                     	;# 
   166  001F                     	;# 
   167  0081                     	;# 
   168  0085                     	;# 
   169  0086                     	;# 
   170  0087                     	;# 
   171  0088                     	;# 
   172  0089                     	;# 
   173  008C                     	;# 
   174  008D                     	;# 
   175  008E                     	;# 
   176  008F                     	;# 
   177  0090                     	;# 
   178  0091                     	;# 
   179  0092                     	;# 
   180  0093                     	;# 
   181  0093                     	;# 
   182  0093                     	;# 
   183  0094                     	;# 
   184  0095                     	;# 
   185  0096                     	;# 
   186  0097                     	;# 
   187  0098                     	;# 
   188  0099                     	;# 
   189  009A                     	;# 
   190  009B                     	;# 
   191  009C                     	;# 
   192  009D                     	;# 
   193  009E                     	;# 
   194  009F                     	;# 
   195  0105                     	;# 
   196  0107                     	;# 
   197  0108                     	;# 
   198  0109                     	;# 
   199  010C                     	;# 
   200  010C                     	;# 
   201  010D                     	;# 
   202  010E                     	;# 
   203  010F                     	;# 
   204  0185                     	;# 
   205  0187                     	;# 
   206  0188                     	;# 
   207  0189                     	;# 
   208  018C                     	;# 
   209  018D                     	;# 
   210  0008                     _PORTD	set	8
   211  0007                     _PORTC	set	7
   212  0005                     _PORTA	set	5
   213  0001                     _TMR0	set	1
   214  0006                     _PORTB	set	6
   215  0006                     _PORTBbits	set	6
   216  000B                     _INTCONbits	set	11
   217  008F                     _OSCCONbits	set	143
   218  0096                     _IOCBbits	set	150
   219  0095                     _WPUBbits	set	149
   220  0081                     _OPTION_REGbits	set	129
   221  0088                     _TRISD	set	136
   222  0087                     _TRISC	set	135
   223  0086                     _TRISB	set	134
   224  0085                     _TRISA	set	133
   225  0189                     _ANSELH	set	393
   226  0188                     _ANSEL	set	392
   227                           
   228                           	psect	cinit
   229  000F                     start_initialization:	
   230                           ; #config settings
   231                           
   232  000F                     __initialization:
   233                           
   234                           ; Clear objects allocated to COMMON
   235  000F  01F7               	clrf	__pbssCOMMON& (0+127)
   236  0010  01F8               	clrf	(__pbssCOMMON+1)& (0+127)
   237  0011  01F9               	clrf	(__pbssCOMMON+2)& (0+127)
   238  0012  01FA               	clrf	(__pbssCOMMON+3)& (0+127)
   239                           
   240                           ; Clear objects allocated to BANK0
   241  0013  1283               	bcf	3,5	;RP0=0, select bank0
   242  0014  1303               	bcf	3,6	;RP1=0, select bank0
   243  0015  01AE               	clrf	__pbssBANK0& (0+127)
   244  0016  01AF               	clrf	(__pbssBANK0+1)& (0+127)
   245  0017  01B0               	clrf	(__pbssBANK0+2)& (0+127)
   246  0018                     end_of_initialization:	
   247                           ;End of C runtime variable initialization code
   248                           
   249  0018                     __end_of__initialization:
   250  0018  0183               	clrf	3
   251  0019  120A  118A  28FE   	ljmp	_main	;jump to C main() function
   252                           
   253                           	psect	bssCOMMON
   254  0077                     __pbssCOMMON:
   255  0077                     _Conteo:
   256  0077                     	ds	1
   257  0078                     _Cent:
   258  0078                     	ds	1
   259  0079                     _Dec:
   260  0079                     	ds	1
   261  007A                     _Uni:
   262  007A                     	ds	1
   263                           
   264                           	psect	bssBANK0
   265  002E                     __pbssBANK0:
   266  002E                     _MUX:
   267  002E                     	ds	2
   268  0030                     _Contador:
   269  0030                     	ds	1
   270                           
   271                           	psect	cstackCOMMON
   272  0070                     __pcstackCOMMON:
   273  0070                     ?_configuracion:
   274  0070                     ?_multiplexado:	
   275                           ; 1 bytes @ 0x0
   276                           
   277  0070                     ?_isr:	
   278                           ; 1 bytes @ 0x0
   279                           
   280  0070                     ??_isr:	
   281                           ; 1 bytes @ 0x0
   282                           
   283  0070                     ?_main:	
   284                           ; 1 bytes @ 0x0
   285                           
   286                           
   287                           ; 1 bytes @ 0x0
   288  0070                     	ds	3
   289  0073                     ??_configuracion:
   290  0073                     ??_multiplexado:	
   291                           ; 1 bytes @ 0x3
   292                           
   293  0073                     ?___bmul:	
   294                           ; 1 bytes @ 0x3
   295                           
   296  0073                     ?___awdiv:	
   297                           ; 1 bytes @ 0x3
   298                           
   299  0073                     ___bmul@multiplicand:	
   300                           ; 2 bytes @ 0x3
   301                           
   302  0073                     ___awdiv@divisor:	
   303                           ; 1 bytes @ 0x3
   304                           
   305                           
   306                           ; 2 bytes @ 0x3
   307  0073                     	ds	1
   308  0074                     ??___bmul:
   309                           
   310                           ; 1 bytes @ 0x4
   311  0074                     	ds	1
   312  0075                     multiplexado@val:
   313  0075                     ___bmul@product:	
   314                           ; 1 bytes @ 0x5
   315                           
   316  0075                     ___awdiv@dividend:	
   317                           ; 1 bytes @ 0x5
   318                           
   319                           
   320                           ; 2 bytes @ 0x5
   321  0075                     	ds	1
   322  0076                     ___bmul@multiplier:
   323                           
   324                           ; 1 bytes @ 0x6
   325  0076                     	ds	1
   326                           
   327                           	psect	cstackBANK0
   328  0020                     __pcstackBANK0:
   329  0020                     ??___awdiv:
   330                           
   331                           ; 1 bytes @ 0x0
   332  0020                     	ds	1
   333  0021                     ___awdiv@counter:
   334                           
   335                           ; 1 bytes @ 0x1
   336  0021                     	ds	1
   337  0022                     ___awdiv@sign:
   338                           
   339                           ; 1 bytes @ 0x2
   340  0022                     	ds	1
   341  0023                     ___awdiv@quotient:
   342                           
   343                           ; 2 bytes @ 0x3
   344  0023                     	ds	2
   345  0025                     ?_division:
   346  0025                     division@dec:	
   347                           ; 1 bytes @ 0x5
   348                           
   349                           
   350                           ; 1 bytes @ 0x5
   351  0025                     	ds	1
   352  0026                     division@cent:
   353                           
   354                           ; 1 bytes @ 0x6
   355  0026                     	ds	1
   356  0027                     ??_division:
   357                           
   358                           ; 1 bytes @ 0x7
   359  0027                     	ds	3
   360  002A                     division@un:
   361                           
   362                           ; 1 bytes @ 0xA
   363  002A                     	ds	1
   364  002B                     division@div:
   365                           
   366                           ; 1 bytes @ 0xB
   367  002B                     	ds	1
   368  002C                     ??_main:
   369                           
   370                           ; 1 bytes @ 0xC
   371  002C                     	ds	2
   372                           
   373                           	psect	maintext
   374  00FE                     __pmaintext:	
   375 ;;
   376 ;;Main: autosize = 0, tempsize = 2, incstack = 0, save=0
   377 ;;
   378 ;; *************** function _main *****************
   379 ;; Defined at:
   380 ;;		line 61 in file "main.c"
   381 ;; Parameters:    Size  Location     Type
   382 ;;		None
   383 ;; Auto vars:     Size  Location     Type
   384 ;;		None
   385 ;; Return value:  Size  Location     Type
   386 ;;                  1    wreg      void 
   387 ;; Registers used:
   388 ;;		wreg, fsr0l, fsr0h, status,2, status,0, pclath, cstack
   389 ;; Tracked objects:
   390 ;;		On entry : B00/0
   391 ;;		On exit  : 0/0
   392 ;;		Unchanged: 0/0
   393 ;; Data sizes:     COMMON   BANK0   BANK1   BANK3   BANK2
   394 ;;      Params:         0       0       0       0       0
   395 ;;      Locals:         0       0       0       0       0
   396 ;;      Temps:          0       2       0       0       0
   397 ;;      Totals:         0       2       0       0       0
   398 ;;Total ram usage:        2 bytes
   399 ;; Hardware stack levels required when called:    3
   400 ;; This function calls:
   401 ;;		_configuracion
   402 ;;		_division
   403 ;;		_multiplexado
   404 ;; This function is called by:
   405 ;;		Startup code after reset
   406 ;; This function uses a non-reentrant model
   407 ;;
   408                           
   409                           
   410                           ;psect for function _main
   411  00FE                     _main:
   412  00FE                     l1296:	
   413                           ;incstack = 0
   414                           ; Regs used in _main: [wreg-fsr0h+status,2+status,0+pclath+cstack]
   415                           
   416                           
   417                           ;main.c: 62: 
   418  00FE  120A  118A  21F8  120A  118A  	fcall	_configuracion
   419  0103                     l1298:
   420                           
   421                           ;main.c: 65:     ANSEL = 0X00;
   422  0103  1283               	bcf	3,5	;RP0=0, select bank0
   423  0104  1303               	bcf	3,6	;RP1=0, select bank0
   424  0105  0830               	movf	_Contador,w
   425  0106  0085               	movwf	5	;volatile
   426  0107                     l1300:
   427                           
   428                           ;main.c: 67:     TRISA = 0X00;
   429  0107  082E               	movf	_MUX,w
   430  0108  042F               	iorwf	_MUX+1,w
   431  0109  1903               	btfsc	3,2
   432  010A  290C               	goto	u551
   433  010B  290D               	goto	u550
   434  010C                     u551:
   435  010C  2903               	goto	l1298
   436  010D                     u550:
   437  010D                     l1302:
   438                           
   439                           ;main.c: 68:     TRISB = 0X03;
   440  010D  3003               	movlw	3
   441  010E  0277               	subwf	_Conteo,w
   442  010F  1C03               	skipc
   443  0110  2912               	goto	u561
   444  0111  2913               	goto	u560
   445  0112                     u561:
   446  0112  2914               	goto	l1306
   447  0113                     u560:
   448  0113                     l1304:
   449  0113  01F7               	clrf	_Conteo
   450  0114                     l1306:
   451                           
   452                           ;main.c: 69:     TRISC = 0X00;
   453  0114  3079               	movlw	(low (_Dec| 0))& (0+255)
   454  0115  00AC               	movwf	??_main
   455  0116  082C               	movf	??_main,w
   456  0117  00A5               	movwf	division@dec
   457  0118  3078               	movlw	(low (_Cent| 0))& (0+255)
   458  0119  00AD               	movwf	??_main+1
   459  011A  082D               	movf	??_main+1,w
   460  011B  00A6               	movwf	division@cent
   461  011C  307A               	movlw	(low (_Uni| 0))& (0+255)
   462  011D  120A  118A  201C  120A  118A  	fcall	_division
   463                           
   464                           ;main.c: 70:     TRISD = 0X00;
   465  0122  2947               	goto	l1328
   466  0123                     l1308:
   467                           
   468                           ;main.c: 72:     PORTC = 0X00;
   469  0123  0187               	clrf	7	;volatile
   470  0124                     l1310:
   471                           
   472                           ;main.c: 73:     PORTD = 0X00;
   473  0124  087A               	movf	_Uni,w
   474  0125  120A  118A  2162  120A  118A  	fcall	_multiplexado
   475  012A                     l1312:
   476                           
   477                           ;main.c: 74: 
   478  012A  3001               	movlw	1
   479  012B  1283               	bcf	3,5	;RP0=0, select bank0
   480  012C  1303               	bcf	3,6	;RP1=0, select bank0
   481  012D  0087               	movwf	7	;volatile
   482                           
   483                           ;main.c: 75: 
   484  012E  295C               	goto	l1330
   485  012F                     l1314:
   486                           
   487                           ;main.c: 77:     INTCONbits.RBIE = 1;
   488  012F  0187               	clrf	7	;volatile
   489  0130                     l1316:
   490                           
   491                           ;main.c: 78:     PORTB = PORTB;
   492  0130  0879               	movf	_Dec,w
   493  0131  120A  118A  2162  120A  118A  	fcall	_multiplexado
   494  0136                     l1318:
   495                           
   496                           ;main.c: 79:     INTCONbits.RBIF = 0;
   497  0136  3002               	movlw	2
   498  0137  1283               	bcf	3,5	;RP0=0, select bank0
   499  0138  1303               	bcf	3,6	;RP1=0, select bank0
   500  0139  0087               	movwf	7	;volatile
   501                           
   502                           ;main.c: 80:     INTCONbits.T0IE = 1;
   503  013A  295C               	goto	l1330
   504  013B                     l1320:
   505                           
   506                           ;main.c: 82:     TMR0 = 217;
   507  013B  0187               	clrf	7	;volatile
   508  013C                     l1322:
   509                           
   510                           ;main.c: 83: 
   511  013C  0878               	movf	_Cent,w
   512  013D  120A  118A  2162  120A  118A  	fcall	_multiplexado
   513  0142                     l1324:
   514                           
   515                           ;main.c: 84:     OPTION_REGbits.nRBPU = 0;
   516  0142  3004               	movlw	4
   517  0143  1283               	bcf	3,5	;RP0=0, select bank0
   518  0144  1303               	bcf	3,6	;RP1=0, select bank0
   519  0145  0087               	movwf	7	;volatile
   520                           
   521                           ;main.c: 85:     WPUBbits.WPUB0 = 1;
   522  0146  295C               	goto	l1330
   523  0147                     l1328:
   524  0147  0877               	movf	_Conteo,w
   525  0148  1283               	bcf	3,5	;RP0=0, select bank0
   526  0149  1303               	bcf	3,6	;RP1=0, select bank0
   527  014A  00AC               	movwf	??_main
   528  014B  01AD               	clrf	??_main+1
   529                           
   530                           ; Switch on 2 bytes has been partitioned into a top level switch of size 1, and 1 sub-sw
      +                          itches
   531                           ; Switch size 1, requested type "simple"
   532                           ; Number of cases is 1, Range of values is 0 to 0
   533                           ; switch strategies available:
   534                           ; Name         Instructions Cycles
   535                           ; simple_byte            4     3 (average)
   536                           ; direct_byte           11     8 (fixed)
   537                           ; jumptable            260     6 (fixed)
   538                           ;	Chosen strategy is simple_byte
   539  014C  082D               	movf	??_main+1,w
   540  014D  3A00               	xorlw	0	; case 0
   541  014E  1903               	skipnz
   542  014F  2951               	goto	l1376
   543  0150  295C               	goto	l1330
   544  0151                     l1376:
   545                           
   546                           ; Switch size 1, requested type "simple"
   547                           ; Number of cases is 3, Range of values is 0 to 2
   548                           ; switch strategies available:
   549                           ; Name         Instructions Cycles
   550                           ; simple_byte           10     6 (average)
   551                           ; direct_byte           17     8 (fixed)
   552                           ; jumptable            260     6 (fixed)
   553                           ;	Chosen strategy is simple_byte
   554  0151  082C               	movf	??_main,w
   555  0152  3A00               	xorlw	0	; case 0
   556  0153  1903               	skipnz
   557  0154  2923               	goto	l1308
   558  0155  3A01               	xorlw	1	; case 1
   559  0156  1903               	skipnz
   560  0157  292F               	goto	l1314
   561  0158  3A03               	xorlw	3	; case 2
   562  0159  1903               	skipnz
   563  015A  293B               	goto	l1320
   564  015B  295C               	goto	l1330
   565  015C                     l1330:
   566                           
   567                           ;main.c: 88:     IOCBbits.IOCB1 = 1;
   568  015C  01AE               	clrf	_MUX
   569  015D  01AF               	clrf	_MUX+1
   570  015E  2903               	goto	l1298
   571  015F  120A  118A  280C   	ljmp	start
   572  0162                     __end_of_main:
   573                           
   574                           	psect	text1
   575  0162                     __ptext1:	
   576 ;; *************** function _multiplexado *****************
   577 ;; Defined at:
   578 ;;		line 132 in file "main.c"
   579 ;; Parameters:    Size  Location     Type
   580 ;;  val             1    wreg     unsigned char 
   581 ;; Auto vars:     Size  Location     Type
   582 ;;  val             1    5[COMMON] unsigned char 
   583 ;; Return value:  Size  Location     Type
   584 ;;                  1    wreg      void 
   585 ;; Registers used:
   586 ;;		wreg, fsr0l, fsr0h, status,2, status,0
   587 ;; Tracked objects:
   588 ;;		On entry : 0/0
   589 ;;		On exit  : 0/0
   590 ;;		Unchanged: 0/0
   591 ;; Data sizes:     COMMON   BANK0   BANK1   BANK3   BANK2
   592 ;;      Params:         0       0       0       0       0
   593 ;;      Locals:         1       0       0       0       0
   594 ;;      Temps:          2       0       0       0       0
   595 ;;      Totals:         3       0       0       0       0
   596 ;;Total ram usage:        3 bytes
   597 ;; Hardware stack levels used:    1
   598 ;; Hardware stack levels required when called:    1
   599 ;; This function calls:
   600 ;;		Nothing
   601 ;; This function is called by:
   602 ;;		_main
   603 ;; This function uses a non-reentrant model
   604 ;;
   605                           
   606                           
   607                           ;psect for function _multiplexado
   608  0162                     _multiplexado:
   609                           
   610                           ;incstack = 0
   611                           ; Regs used in _multiplexado: [wreg-fsr0h+status,2+status,0]
   612                           ;multiplexado@val stored from wreg
   613  0162  00F5               	movwf	multiplexado@val
   614  0163                     l1090:
   615                           
   616                           ;main.c: 133:     *cent = 0;
   617  0163  2996               	goto	l1116
   618  0164                     l1092:
   619                           
   620                           ;main.c: 135: 
   621  0164  303F               	movlw	63
   622  0165  1283               	bcf	3,5	;RP0=0, select bank0
   623  0166  1303               	bcf	3,6	;RP1=0, select bank0
   624  0167  0088               	movwf	8	;volatile
   625  0168  29BE               	goto	l93
   626  0169                     l1094:
   627                           
   628                           ;main.c: 137:     *cent = div/100;
   629  0169  3006               	movlw	6
   630  016A  1283               	bcf	3,5	;RP0=0, select bank0
   631  016B  1303               	bcf	3,6	;RP1=0, select bank0
   632  016C  0088               	movwf	8	;volatile
   633  016D  29BE               	goto	l93
   634  016E                     l1096:
   635                           
   636                           ;main.c: 139:     }
   637  016E  305B               	movlw	91
   638  016F  1283               	bcf	3,5	;RP0=0, select bank0
   639  0170  1303               	bcf	3,6	;RP1=0, select bank0
   640  0171  0088               	movwf	8	;volatile
   641  0172  29BE               	goto	l93
   642  0173                     l1098:
   643                           
   644                           ;main.c: 141:     while (div >= 10){
   645  0173  304F               	movlw	79
   646  0174  1283               	bcf	3,5	;RP0=0, select bank0
   647  0175  1303               	bcf	3,6	;RP1=0, select bank0
   648  0176  0088               	movwf	8	;volatile
   649  0177  29BE               	goto	l93
   650  0178                     l1100:
   651                           
   652                           ;main.c: 143:     div = div - (*dec)*(10);
   653  0178  3066               	movlw	102
   654  0179  1283               	bcf	3,5	;RP0=0, select bank0
   655  017A  1303               	bcf	3,6	;RP1=0, select bank0
   656  017B  0088               	movwf	8	;volatile
   657  017C  29BE               	goto	l93
   658  017D                     l1102:
   659                           
   660                           ;main.c: 145: 
   661  017D  306D               	movlw	109
   662  017E  1283               	bcf	3,5	;RP0=0, select bank0
   663  017F  1303               	bcf	3,6	;RP1=0, select bank0
   664  0180  0088               	movwf	8	;volatile
   665  0181  29BE               	goto	l93
   666  0182                     l1104:
   667                           
   668                           ;main.c: 147: }
   669  0182  307D               	movlw	125
   670  0183  1283               	bcf	3,5	;RP0=0, select bank0
   671  0184  1303               	bcf	3,6	;RP1=0, select bank0
   672  0185  0088               	movwf	8	;volatile
   673  0186  29BE               	goto	l93
   674  0187                     l1106:
   675  0187  3007               	movlw	7
   676  0188  1283               	bcf	3,5	;RP0=0, select bank0
   677  0189  1303               	bcf	3,6	;RP1=0, select bank0
   678  018A  0088               	movwf	8	;volatile
   679  018B  29BE               	goto	l93
   680  018C                     l1108:
   681  018C  307F               	movlw	127
   682  018D  1283               	bcf	3,5	;RP0=0, select bank0
   683  018E  1303               	bcf	3,6	;RP1=0, select bank0
   684  018F  0088               	movwf	8	;volatile
   685  0190  29BE               	goto	l93
   686  0191                     l1110:
   687  0191  3067               	movlw	103
   688  0192  1283               	bcf	3,5	;RP0=0, select bank0
   689  0193  1303               	bcf	3,6	;RP1=0, select bank0
   690  0194  0088               	movwf	8	;volatile
   691  0195  29BE               	goto	l93
   692  0196                     l1116:
   693  0196  0875               	movf	multiplexado@val,w
   694  0197  00F3               	movwf	??_multiplexado
   695  0198  01F4               	clrf	??_multiplexado+1
   696                           
   697                           ; Switch on 2 bytes has been partitioned into a top level switch of size 1, and 1 sub-sw
      +                          itches
   698                           ; Switch size 1, requested type "simple"
   699                           ; Number of cases is 1, Range of values is 0 to 0
   700                           ; switch strategies available:
   701                           ; Name         Instructions Cycles
   702                           ; simple_byte            4     3 (average)
   703                           ; direct_byte           11     8 (fixed)
   704                           ; jumptable            260     6 (fixed)
   705                           ;	Chosen strategy is simple_byte
   706  0199  0874               	movf	??_multiplexado+1,w
   707  019A  3A00               	xorlw	0	; case 0
   708  019B  1903               	skipnz
   709  019C  299E               	goto	l1378
   710  019D  2964               	goto	l1092
   711  019E                     l1378:
   712                           
   713                           ; Switch size 1, requested type "simple"
   714                           ; Number of cases is 10, Range of values is 0 to 9
   715                           ; switch strategies available:
   716                           ; Name         Instructions Cycles
   717                           ; simple_byte           31    16 (average)
   718                           ; direct_byte           38     8 (fixed)
   719                           ; jumptable            260     6 (fixed)
   720                           ;	Chosen strategy is simple_byte
   721  019E  0873               	movf	??_multiplexado,w
   722  019F  3A00               	xorlw	0	; case 0
   723  01A0  1903               	skipnz
   724  01A1  2964               	goto	l1092
   725  01A2  3A01               	xorlw	1	; case 1
   726  01A3  1903               	skipnz
   727  01A4  2969               	goto	l1094
   728  01A5  3A03               	xorlw	3	; case 2
   729  01A6  1903               	skipnz
   730  01A7  296E               	goto	l1096
   731  01A8  3A01               	xorlw	1	; case 3
   732  01A9  1903               	skipnz
   733  01AA  2973               	goto	l1098
   734  01AB  3A07               	xorlw	7	; case 4
   735  01AC  1903               	skipnz
   736  01AD  2978               	goto	l1100
   737  01AE  3A01               	xorlw	1	; case 5
   738  01AF  1903               	skipnz
   739  01B0  297D               	goto	l1102
   740  01B1  3A03               	xorlw	3	; case 6
   741  01B2  1903               	skipnz
   742  01B3  2982               	goto	l1104
   743  01B4  3A01               	xorlw	1	; case 7
   744  01B5  1903               	skipnz
   745  01B6  2987               	goto	l1106
   746  01B7  3A0F               	xorlw	15	; case 8
   747  01B8  1903               	skipnz
   748  01B9  298C               	goto	l1108
   749  01BA  3A01               	xorlw	1	; case 9
   750  01BB  1903               	skipnz
   751  01BC  2991               	goto	l1110
   752  01BD  2964               	goto	l1092
   753  01BE                     l93:
   754  01BE  0008               	return
   755  01BF                     __end_of_multiplexado:
   756                           
   757                           	psect	text2
   758  001C                     __ptext2:	
   759 ;; *************** function _division *****************
   760 ;; Defined at:
   761 ;;		line 159 in file "main.c"
   762 ;; Parameters:    Size  Location     Type
   763 ;;  un              1    wreg     PTR unsigned char 
   764 ;;		 -> Uni(1), 
   765 ;;  dec             1    5[BANK0 ] PTR unsigned char 
   766 ;;		 -> Dec(1), 
   767 ;;  cent            1    6[BANK0 ] PTR unsigned char 
   768 ;;		 -> Cent(1), 
   769 ;; Auto vars:     Size  Location     Type
   770 ;;  un              1   10[BANK0 ] PTR unsigned char 
   771 ;;		 -> Uni(1), 
   772 ;;  div             1   11[BANK0 ] unsigned char 
   773 ;; Return value:  Size  Location     Type
   774 ;;                  1    wreg      void 
   775 ;; Registers used:
   776 ;;		wreg, fsr0l, fsr0h, status,2, status,0, pclath, cstack
   777 ;; Tracked objects:
   778 ;;		On entry : 0/0
   779 ;;		On exit  : 0/0
   780 ;;		Unchanged: 0/0
   781 ;; Data sizes:     COMMON   BANK0   BANK1   BANK3   BANK2
   782 ;;      Params:         0       2       0       0       0
   783 ;;      Locals:         0       2       0       0       0
   784 ;;      Temps:          0       3       0       0       0
   785 ;;      Totals:         0       7       0       0       0
   786 ;;Total ram usage:        7 bytes
   787 ;; Hardware stack levels used:    1
   788 ;; Hardware stack levels required when called:    2
   789 ;; This function calls:
   790 ;;		___awdiv
   791 ;;		___bmul
   792 ;; This function is called by:
   793 ;;		_main
   794 ;; This function uses a non-reentrant model
   795 ;;
   796                           
   797                           
   798                           ;psect for function _division
   799  001C                     _division:
   800                           
   801                           ;incstack = 0
   802                           ; Regs used in _division: [wreg-fsr0h+status,2+status,0+pclath+cstack]
   803                           ;division@un stored from wreg
   804  001C  1283               	bcf	3,5	;RP0=0, select bank0
   805  001D  1303               	bcf	3,6	;RP1=0, select bank0
   806  001E  00AA               	movwf	division@un
   807  001F                     l1278:
   808  001F  0805               	movf	5,w	;volatile
   809  0020  00A7               	movwf	??_division
   810  0021  0827               	movf	??_division,w
   811  0022  00AB               	movwf	division@div
   812  0023                     l1280:
   813  0023  082A               	movf	division@un,w
   814  0024  0084               	movwf	4
   815  0025  0180               	clrf	0
   816  0026                     l1282:
   817  0026  0825               	movf	division@dec,w
   818  0027  0084               	movwf	4
   819  0028  0180               	clrf	0
   820  0029                     l1284:
   821  0029  0826               	movf	division@cent,w
   822  002A  0084               	movwf	4
   823  002B  0180               	clrf	0
   824  002C  2857               	goto	l1288
   825  002D                     l1286:
   826  002D  3064               	movlw	100
   827  002E  00F3               	movwf	___awdiv@divisor
   828  002F  3000               	movlw	0
   829  0030  00F4               	movwf	___awdiv@divisor+1
   830  0031  082B               	movf	division@div,w
   831  0032  00A7               	movwf	??_division
   832  0033  01A8               	clrf	??_division+1
   833  0034  0827               	movf	??_division,w
   834  0035  00F5               	movwf	___awdiv@dividend
   835  0036  0828               	movf	??_division+1,w
   836  0037  00F6               	movwf	___awdiv@dividend+1
   837  0038  120A  118A  2095  120A  118A  	fcall	___awdiv
   838  003D  0873               	movf	?___awdiv,w
   839  003E  1283               	bcf	3,5	;RP0=0, select bank0
   840  003F  1303               	bcf	3,6	;RP1=0, select bank0
   841  0040  00A9               	movwf	??_division+2
   842  0041  0826               	movf	division@cent,w
   843  0042  0084               	movwf	4
   844  0043  0829               	movf	??_division+2,w
   845  0044  0080               	movwf	0
   846  0045  309C               	movlw	156
   847  0046  00A7               	movwf	??_division
   848  0047  0827               	movf	??_division,w
   849  0048  00F3               	movwf	___bmul@multiplicand
   850  0049  0826               	movf	division@cent,w
   851  004A  0084               	movwf	4
   852  004B  0800               	movf	0,w
   853  004C  120A  118A  2227  120A  118A  	fcall	___bmul
   854  0051  1283               	bcf	3,5	;RP0=0, select bank0
   855  0052  1303               	bcf	3,6	;RP1=0, select bank0
   856  0053  072B               	addwf	division@div,w
   857  0054  00A8               	movwf	??_division+1
   858  0055  0828               	movf	??_division+1,w
   859  0056  00AB               	movwf	division@div
   860  0057                     l1288:
   861  0057  3064               	movlw	100
   862  0058  022B               	subwf	division@div,w
   863  0059  1803               	skipnc
   864  005A  285C               	goto	u531
   865  005B  285D               	goto	u530
   866  005C                     u531:
   867  005C  282D               	goto	l1286
   868  005D                     u530:
   869  005D  2888               	goto	l1292
   870  005E                     l1290:
   871  005E  300A               	movlw	10
   872  005F  00F3               	movwf	___awdiv@divisor
   873  0060  3000               	movlw	0
   874  0061  00F4               	movwf	___awdiv@divisor+1
   875  0062  082B               	movf	division@div,w
   876  0063  00A7               	movwf	??_division
   877  0064  01A8               	clrf	??_division+1
   878  0065  0827               	movf	??_division,w
   879  0066  00F5               	movwf	___awdiv@dividend
   880  0067  0828               	movf	??_division+1,w
   881  0068  00F6               	movwf	___awdiv@dividend+1
   882  0069  120A  118A  2095  120A  118A  	fcall	___awdiv
   883  006E  0873               	movf	?___awdiv,w
   884  006F  1283               	bcf	3,5	;RP0=0, select bank0
   885  0070  1303               	bcf	3,6	;RP1=0, select bank0
   886  0071  00A9               	movwf	??_division+2
   887  0072  0825               	movf	division@dec,w
   888  0073  0084               	movwf	4
   889  0074  0829               	movf	??_division+2,w
   890  0075  0080               	movwf	0
   891  0076  30F6               	movlw	246
   892  0077  00A7               	movwf	??_division
   893  0078  0827               	movf	??_division,w
   894  0079  00F3               	movwf	___bmul@multiplicand
   895  007A  0825               	movf	division@dec,w
   896  007B  0084               	movwf	4
   897  007C  0800               	movf	0,w
   898  007D  120A  118A  2227  120A  118A  	fcall	___bmul
   899  0082  1283               	bcf	3,5	;RP0=0, select bank0
   900  0083  1303               	bcf	3,6	;RP1=0, select bank0
   901  0084  072B               	addwf	division@div,w
   902  0085  00A8               	movwf	??_division+1
   903  0086  0828               	movf	??_division+1,w
   904  0087  00AB               	movwf	division@div
   905  0088                     l1292:
   906  0088  300A               	movlw	10
   907  0089  022B               	subwf	division@div,w
   908  008A  1803               	skipnc
   909  008B  288D               	goto	u541
   910  008C  288E               	goto	u540
   911  008D                     u541:
   912  008D  285E               	goto	l1290
   913  008E                     u540:
   914  008E                     l1294:
   915  008E  082B               	movf	division@div,w
   916  008F  00A7               	movwf	??_division
   917  0090  082A               	movf	division@un,w
   918  0091  0084               	movwf	4
   919  0092  0827               	movf	??_division,w
   920  0093  0080               	movwf	0
   921  0094                     l102:
   922  0094  0008               	return
   923  0095                     __end_of_division:
   924                           
   925                           	psect	text3
   926  0227                     __ptext3:	
   927 ;; *************** function ___bmul *****************
   928 ;; Defined at:
   929 ;;		line 4 in file "C:\Program Files\Microchip\xc8\v2.31\pic\sources\c90\common\Umul8.c"
   930 ;; Parameters:    Size  Location     Type
   931 ;;  multiplier      1    wreg     unsigned char 
   932 ;;  multiplicand    1    3[COMMON] unsigned char 
   933 ;; Auto vars:     Size  Location     Type
   934 ;;  multiplier      1    6[COMMON] unsigned char 
   935 ;;  product         1    5[COMMON] unsigned char 
   936 ;; Return value:  Size  Location     Type
   937 ;;                  1    wreg      unsigned char 
   938 ;; Registers used:
   939 ;;		wreg, status,2, status,0
   940 ;; Tracked objects:
   941 ;;		On entry : 0/0
   942 ;;		On exit  : 0/0
   943 ;;		Unchanged: 0/0
   944 ;; Data sizes:     COMMON   BANK0   BANK1   BANK3   BANK2
   945 ;;      Params:         1       0       0       0       0
   946 ;;      Locals:         2       0       0       0       0
   947 ;;      Temps:          1       0       0       0       0
   948 ;;      Totals:         4       0       0       0       0
   949 ;;Total ram usage:        4 bytes
   950 ;; Hardware stack levels used:    1
   951 ;; Hardware stack levels required when called:    1
   952 ;; This function calls:
   953 ;;		Nothing
   954 ;; This function is called by:
   955 ;;		_division
   956 ;; This function uses a non-reentrant model
   957 ;;
   958                           
   959                           
   960                           ;psect for function ___bmul
   961  0227                     ___bmul:
   962                           
   963                           ;incstack = 0
   964                           ; Regs used in ___bmul: [wreg+status,2+status,0]
   965                           ;___bmul@multiplier stored from wreg
   966  0227  00F6               	movwf	___bmul@multiplier
   967  0228                     l964:
   968  0228  01F5               	clrf	___bmul@product
   969  0229                     l966:
   970  0229  1C76               	btfss	___bmul@multiplier,0
   971  022A  2A2C               	goto	u221
   972  022B  2A2D               	goto	u220
   973  022C                     u221:
   974  022C  2A31               	goto	l970
   975  022D                     u220:
   976  022D                     l968:
   977  022D  0873               	movf	___bmul@multiplicand,w
   978  022E  00F4               	movwf	??___bmul
   979  022F  0874               	movf	??___bmul,w
   980  0230  07F5               	addwf	___bmul@product,f
   981  0231                     l970:
   982  0231  1003               	clrc
   983  0232  0DF3               	rlf	___bmul@multiplicand,f
   984  0233                     l972:
   985  0233  1003               	clrc
   986  0234  0CF6               	rrf	___bmul@multiplier,f
   987  0235  0876               	movf	___bmul@multiplier,w
   988  0236  1D03               	btfss	3,2
   989  0237  2A39               	goto	u231
   990  0238  2A3A               	goto	u230
   991  0239                     u231:
   992  0239  2A29               	goto	l966
   993  023A                     u230:
   994  023A                     l974:
   995  023A  0875               	movf	___bmul@product,w
   996  023B                     l214:
   997  023B  0008               	return
   998  023C                     __end_of___bmul:
   999                           
  1000                           	psect	text4
  1001  0095                     __ptext4:	
  1002 ;; *************** function ___awdiv *****************
  1003 ;; Defined at:
  1004 ;;		line 5 in file "C:\Program Files\Microchip\xc8\v2.31\pic\sources\c90\common\awdiv.c"
  1005 ;; Parameters:    Size  Location     Type
  1006 ;;  divisor         2    3[COMMON] int 
  1007 ;;  dividend        2    5[COMMON] int 
  1008 ;; Auto vars:     Size  Location     Type
  1009 ;;  quotient        2    3[BANK0 ] int 
  1010 ;;  sign            1    2[BANK0 ] unsigned char 
  1011 ;;  counter         1    1[BANK0 ] unsigned char 
  1012 ;; Return value:  Size  Location     Type
  1013 ;;                  2    3[COMMON] int 
  1014 ;; Registers used:
  1015 ;;		wreg, status,2, status,0
  1016 ;; Tracked objects:
  1017 ;;		On entry : 0/0
  1018 ;;		On exit  : 0/0
  1019 ;;		Unchanged: 0/0
  1020 ;; Data sizes:     COMMON   BANK0   BANK1   BANK3   BANK2
  1021 ;;      Params:         4       0       0       0       0
  1022 ;;      Locals:         0       4       0       0       0
  1023 ;;      Temps:          0       1       0       0       0
  1024 ;;      Totals:         4       5       0       0       0
  1025 ;;Total ram usage:        9 bytes
  1026 ;; Hardware stack levels used:    1
  1027 ;; Hardware stack levels required when called:    1
  1028 ;; This function calls:
  1029 ;;		Nothing
  1030 ;; This function is called by:
  1031 ;;		_division
  1032 ;; This function uses a non-reentrant model
  1033 ;;
  1034                           
  1035                           
  1036                           ;psect for function ___awdiv
  1037  0095                     ___awdiv:
  1038  0095                     l1234:	
  1039                           ;incstack = 0
  1040                           ; Regs used in ___awdiv: [wreg+status,2+status,0]
  1041                           
  1042  0095  1283               	bcf	3,5	;RP0=0, select bank0
  1043  0096  1303               	bcf	3,6	;RP1=0, select bank0
  1044  0097  01A2               	clrf	___awdiv@sign
  1045  0098                     l1236:
  1046  0098  1FF4               	btfss	___awdiv@divisor+1,7
  1047  0099  289B               	goto	u431
  1048  009A  289C               	goto	u430
  1049  009B                     u431:
  1050  009B  28A3               	goto	l1242
  1051  009C                     u430:
  1052  009C                     l1238:
  1053  009C  09F3               	comf	___awdiv@divisor,f
  1054  009D  09F4               	comf	___awdiv@divisor+1,f
  1055  009E  0AF3               	incf	___awdiv@divisor,f
  1056  009F  1903               	skipnz
  1057  00A0  0AF4               	incf	___awdiv@divisor+1,f
  1058  00A1                     l1240:
  1059  00A1  01A2               	clrf	___awdiv@sign
  1060  00A2  0AA2               	incf	___awdiv@sign,f
  1061  00A3                     l1242:
  1062  00A3  1FF6               	btfss	___awdiv@dividend+1,7
  1063  00A4  28A6               	goto	u441
  1064  00A5  28A7               	goto	u440
  1065  00A6                     u441:
  1066  00A6  28B0               	goto	l1248
  1067  00A7                     u440:
  1068  00A7                     l1244:
  1069  00A7  09F5               	comf	___awdiv@dividend,f
  1070  00A8  09F6               	comf	___awdiv@dividend+1,f
  1071  00A9  0AF5               	incf	___awdiv@dividend,f
  1072  00AA  1903               	skipnz
  1073  00AB  0AF6               	incf	___awdiv@dividend+1,f
  1074  00AC                     l1246:
  1075  00AC  3001               	movlw	1
  1076  00AD  00A0               	movwf	??___awdiv
  1077  00AE  0820               	movf	??___awdiv,w
  1078  00AF  06A2               	xorwf	___awdiv@sign,f
  1079  00B0                     l1248:
  1080  00B0  01A3               	clrf	___awdiv@quotient
  1081  00B1  01A4               	clrf	___awdiv@quotient+1
  1082  00B2                     l1250:
  1083  00B2  0873               	movf	___awdiv@divisor,w
  1084  00B3  0474               	iorwf	___awdiv@divisor+1,w
  1085  00B4  1903               	btfsc	3,2
  1086  00B5  28B7               	goto	u451
  1087  00B6  28B8               	goto	u450
  1088  00B7                     u451:
  1089  00B7  28EF               	goto	l1270
  1090  00B8                     u450:
  1091  00B8                     l1252:
  1092  00B8  01A1               	clrf	___awdiv@counter
  1093  00B9  0AA1               	incf	___awdiv@counter,f
  1094  00BA  28C6               	goto	l1258
  1095  00BB                     l1254:
  1096  00BB  3001               	movlw	1
  1097  00BC                     u465:
  1098  00BC  1003               	clrc
  1099  00BD  0DF3               	rlf	___awdiv@divisor,f
  1100  00BE  0DF4               	rlf	___awdiv@divisor+1,f
  1101  00BF  3EFF               	addlw	-1
  1102  00C0  1D03               	skipz
  1103  00C1  28BC               	goto	u465
  1104  00C2                     l1256:
  1105  00C2  3001               	movlw	1
  1106  00C3  00A0               	movwf	??___awdiv
  1107  00C4  0820               	movf	??___awdiv,w
  1108  00C5  07A1               	addwf	___awdiv@counter,f
  1109  00C6                     l1258:
  1110  00C6  1FF4               	btfss	___awdiv@divisor+1,7
  1111  00C7  28C9               	goto	u471
  1112  00C8  28CA               	goto	u470
  1113  00C9                     u471:
  1114  00C9  28BB               	goto	l1254
  1115  00CA                     u470:
  1116  00CA                     l1260:
  1117  00CA  3001               	movlw	1
  1118  00CB                     u485:
  1119  00CB  1003               	clrc
  1120  00CC  0DA3               	rlf	___awdiv@quotient,f
  1121  00CD  0DA4               	rlf	___awdiv@quotient+1,f
  1122  00CE  3EFF               	addlw	-1
  1123  00CF  1D03               	skipz
  1124  00D0  28CB               	goto	u485
  1125  00D1  0874               	movf	___awdiv@divisor+1,w
  1126  00D2  0276               	subwf	___awdiv@dividend+1,w
  1127  00D3  1D03               	skipz
  1128  00D4  28D7               	goto	u495
  1129  00D5  0873               	movf	___awdiv@divisor,w
  1130  00D6  0275               	subwf	___awdiv@dividend,w
  1131  00D7                     u495:
  1132  00D7  1C03               	skipc
  1133  00D8  28DA               	goto	u491
  1134  00D9  28DB               	goto	u490
  1135  00DA                     u491:
  1136  00DA  28E2               	goto	l1266
  1137  00DB                     u490:
  1138  00DB                     l1262:
  1139  00DB  0873               	movf	___awdiv@divisor,w
  1140  00DC  02F5               	subwf	___awdiv@dividend,f
  1141  00DD  0874               	movf	___awdiv@divisor+1,w
  1142  00DE  1C03               	skipc
  1143  00DF  03F6               	decf	___awdiv@dividend+1,f
  1144  00E0  02F6               	subwf	___awdiv@dividend+1,f
  1145  00E1                     l1264:
  1146  00E1  1423               	bsf	___awdiv@quotient,0
  1147  00E2                     l1266:
  1148  00E2  3001               	movlw	1
  1149  00E3                     u505:
  1150  00E3  1003               	clrc
  1151  00E4  0CF4               	rrf	___awdiv@divisor+1,f
  1152  00E5  0CF3               	rrf	___awdiv@divisor,f
  1153  00E6  3EFF               	addlw	-1
  1154  00E7  1D03               	skipz
  1155  00E8  28E3               	goto	u505
  1156  00E9                     l1268:
  1157  00E9  3001               	movlw	1
  1158  00EA  02A1               	subwf	___awdiv@counter,f
  1159  00EB  1D03               	btfss	3,2
  1160  00EC  28EE               	goto	u511
  1161  00ED  28EF               	goto	u510
  1162  00EE                     u511:
  1163  00EE  28CA               	goto	l1260
  1164  00EF                     u510:
  1165  00EF                     l1270:
  1166  00EF  0822               	movf	___awdiv@sign,w
  1167  00F0  1903               	btfsc	3,2
  1168  00F1  28F3               	goto	u521
  1169  00F2  28F4               	goto	u520
  1170  00F3                     u521:
  1171  00F3  28F9               	goto	l1274
  1172  00F4                     u520:
  1173  00F4                     l1272:
  1174  00F4  09A3               	comf	___awdiv@quotient,f
  1175  00F5  09A4               	comf	___awdiv@quotient+1,f
  1176  00F6  0AA3               	incf	___awdiv@quotient,f
  1177  00F7  1903               	skipnz
  1178  00F8  0AA4               	incf	___awdiv@quotient+1,f
  1179  00F9                     l1274:
  1180  00F9  0824               	movf	___awdiv@quotient+1,w
  1181  00FA  00F4               	movwf	?___awdiv+1
  1182  00FB  0823               	movf	___awdiv@quotient,w
  1183  00FC  00F3               	movwf	?___awdiv
  1184  00FD                     l341:
  1185  00FD  0008               	return
  1186  00FE                     __end_of___awdiv:
  1187                           
  1188                           	psect	text5
  1189  01F8                     __ptext5:	
  1190 ;; *************** function _configuracion *****************
  1191 ;; Defined at:
  1192 ;;		line 93 in file "main.c"
  1193 ;; Parameters:    Size  Location     Type
  1194 ;;		None
  1195 ;; Auto vars:     Size  Location     Type
  1196 ;;		None
  1197 ;; Return value:  Size  Location     Type
  1198 ;;                  1    wreg      void 
  1199 ;; Registers used:
  1200 ;;		wreg, status,2
  1201 ;; Tracked objects:
  1202 ;;		On entry : 0/0
  1203 ;;		On exit  : 0/0
  1204 ;;		Unchanged: 0/0
  1205 ;; Data sizes:     COMMON   BANK0   BANK1   BANK3   BANK2
  1206 ;;      Params:         0       0       0       0       0
  1207 ;;      Locals:         0       0       0       0       0
  1208 ;;      Temps:          0       0       0       0       0
  1209 ;;      Totals:         0       0       0       0       0
  1210 ;;Total ram usage:        0 bytes
  1211 ;; Hardware stack levels used:    1
  1212 ;; Hardware stack levels required when called:    1
  1213 ;; This function calls:
  1214 ;;		Nothing
  1215 ;; This function is called by:
  1216 ;;		_main
  1217 ;; This function uses a non-reentrant model
  1218 ;;
  1219                           
  1220                           
  1221                           ;psect for function _configuracion
  1222  01F8                     _configuracion:
  1223  01F8                     l1022:	
  1224                           ;incstack = 0
  1225                           ; Regs used in _configuracion: [wreg+status,2]
  1226                           
  1227                           
  1228                           ;main.c: 95:     OPTION_REGbits.PSA = 0;
  1229  01F8  1683               	bsf	3,5	;RP0=1, select bank3
  1230  01F9  1703               	bsf	3,6	;RP1=1, select bank3
  1231  01FA  0188               	clrf	8	;volatile
  1232                           
  1233                           ;main.c: 96:     OPTION_REGbits.PS2 = 1;
  1234  01FB  0189               	clrf	9	;volatile
  1235                           
  1236                           ;main.c: 97:     OPTION_REGbits.PS1 = 1;
  1237  01FC  1683               	bsf	3,5	;RP0=1, select bank1
  1238  01FD  1303               	bcf	3,6	;RP1=0, select bank1
  1239  01FE  0185               	clrf	5	;volatile
  1240  01FF                     l1024:
  1241                           
  1242                           ;main.c: 98:     OPTION_REGbits.PS0 = 0;
  1243  01FF  3003               	movlw	3
  1244  0200  0086               	movwf	6	;volatile
  1245  0201                     l1026:
  1246                           
  1247                           ;main.c: 99: 
  1248  0201  0187               	clrf	7	;volatile
  1249  0202                     l1028:
  1250                           
  1251                           ;main.c: 100: }
  1252  0202  0188               	clrf	8	;volatile
  1253  0203                     l1030:
  1254                           
  1255                           ;main.c: 101: 
  1256  0203  1283               	bcf	3,5	;RP0=0, select bank0
  1257  0204  1303               	bcf	3,6	;RP1=0, select bank0
  1258  0205  0186               	clrf	6	;volatile
  1259  0206                     l1032:
  1260                           
  1261                           ;main.c: 102: void multiplexado(uint8_t val){
  1262  0206  0187               	clrf	7	;volatile
  1263  0207                     l1034:
  1264                           
  1265                           ;main.c: 103:     switch(val){
  1266  0207  0188               	clrf	8	;volatile
  1267  0208                     l1036:
  1268                           
  1269                           ;main.c: 106:         case 1:
  1270  0208  178B               	bsf	11,7	;volatile
  1271  0209                     l1038:
  1272                           
  1273                           ;main.c: 107:         PORTD = 0b00000110; break;
  1274  0209  158B               	bsf	11,3	;volatile
  1275                           
  1276                           ;main.c: 108:         case 2:
  1277  020A  0806               	movf	6,w	;volatile
  1278  020B  0086               	movwf	6	;volatile
  1279  020C                     l1040:
  1280                           
  1281                           ;main.c: 109:         PORTD = 0b01011011; break;
  1282  020C  100B               	bcf	11,0	;volatile
  1283  020D                     l1042:
  1284                           
  1285                           ;main.c: 110:         case 3:
  1286  020D  168B               	bsf	11,5	;volatile
  1287  020E                     l1044:
  1288                           
  1289                           ;main.c: 111:         PORTD = 0b01001111; break;
  1290  020E  110B               	bcf	11,2	;volatile
  1291                           
  1292                           ;main.c: 112:         case 4:
  1293  020F  30D9               	movlw	217
  1294  0210  0081               	movwf	1	;volatile
  1295  0211                     l1046:
  1296                           
  1297                           ;main.c: 114:         case 5:
  1298  0211  1683               	bsf	3,5	;RP0=1, select bank1
  1299  0212  1303               	bcf	3,6	;RP1=0, select bank1
  1300  0213  1381               	bcf	1,7	;volatile
  1301  0214                     l1048:
  1302                           
  1303                           ;main.c: 115:         PORTD = 0b01101101; break;
  1304  0214  1415               	bsf	21,0	;volatile
  1305  0215                     l1050:
  1306                           
  1307                           ;main.c: 116:         case 6:
  1308  0215  1495               	bsf	21,1	;volatile
  1309  0216                     l1052:
  1310                           
  1311                           ;main.c: 117:         PORTD = 0b01111101; break;
  1312  0216  1416               	bsf	22,0	;volatile
  1313  0217                     l1054:
  1314                           
  1315                           ;main.c: 118:         case 7:
  1316  0217  1496               	bsf	22,1	;volatile
  1317                           
  1318                           ;main.c: 119:         PORTD = 0b00000111; break;
  1319  0218  1283               	bcf	3,5	;RP0=0, select bank0
  1320  0219  1303               	bcf	3,6	;RP1=0, select bank0
  1321  021A  0806               	movf	6,w	;volatile
  1322  021B  0086               	movwf	6	;volatile
  1323  021C                     l1056:
  1324                           
  1325                           ;main.c: 120:         case 8:
  1326  021C  100B               	bcf	11,0	;volatile
  1327  021D                     l1058:
  1328                           
  1329                           ;main.c: 121:         PORTD = 0b01111111; break;
  1330  021D  01B0               	clrf	_Contador
  1331  021E                     l1060:
  1332                           
  1333                           ;main.c: 123:         PORTD = 0b01100111; break;
  1334  021E  1683               	bsf	3,5	;RP0=1, select bank1
  1335  021F  1303               	bcf	3,6	;RP1=0, select bank1
  1336  0220  140F               	bsf	15,0	;volatile
  1337  0221                     l1062:
  1338                           
  1339                           ;main.c: 124:         default:
  1340  0221  1281               	bcf	1,5	;volatile
  1341  0222                     l1064:
  1342                           
  1343                           ;main.c: 125:         PORTD = 0b00111111; break;
  1344  0222  1181               	bcf	1,3	;volatile
  1345  0223                     l1066:
  1346                           
  1347                           ;main.c: 126:     }
  1348  0223  1501               	bsf	1,2	;volatile
  1349  0224                     l1068:
  1350                           
  1351                           ;main.c: 127: }
  1352  0224  1481               	bsf	1,1	;volatile
  1353  0225                     l1070:
  1354                           
  1355                           ;main.c: 128: 
  1356  0225  1001               	bcf	1,0	;volatile
  1357  0226                     l77:
  1358  0226  0008               	return
  1359  0227                     __end_of_configuracion:
  1360                           
  1361                           	psect	text6
  1362  01BF                     __ptext6:	
  1363 ;; *************** function _isr *****************
  1364 ;; Defined at:
  1365 ;;		line 40 in file "main.c"
  1366 ;; Parameters:    Size  Location     Type
  1367 ;;		None
  1368 ;; Auto vars:     Size  Location     Type
  1369 ;;		None
  1370 ;; Return value:  Size  Location     Type
  1371 ;;                  1    wreg      void 
  1372 ;; Registers used:
  1373 ;;		wreg, status,2, status,0
  1374 ;; Tracked objects:
  1375 ;;		On entry : 0/0
  1376 ;;		On exit  : 0/0
  1377 ;;		Unchanged: 0/0
  1378 ;; Data sizes:     COMMON   BANK0   BANK1   BANK3   BANK2
  1379 ;;      Params:         0       0       0       0       0
  1380 ;;      Locals:         0       0       0       0       0
  1381 ;;      Temps:          3       0       0       0       0
  1382 ;;      Totals:         3       0       0       0       0
  1383 ;;Total ram usage:        3 bytes
  1384 ;; Hardware stack levels used:    1
  1385 ;; This function calls:
  1386 ;;		Nothing
  1387 ;; This function is called by:
  1388 ;;		Interrupt level 1
  1389 ;; This function uses a non-reentrant model
  1390 ;;
  1391                           
  1392                           
  1393                           ;psect for function _isr
  1394  01BF                     _isr:
  1395  01BF                     i1l1122:
  1396                           
  1397                           ;main.c: 41:             case 0:
  1398  01BF  1C0B               	btfss	11,0	;volatile
  1399  01C0  29C2               	goto	u36_21
  1400  01C1  29C3               	goto	u36_20
  1401  01C2                     u36_21:
  1402  01C2  29D0               	goto	i1l1132
  1403  01C3                     u36_20:
  1404  01C3                     i1l1124:
  1405  01C3  1283               	bcf	3,5	;RP0=0, select bank0
  1406  01C4  1303               	bcf	3,6	;RP1=0, select bank0
  1407  01C5  1806               	btfsc	6,0	;volatile
  1408  01C6  29C8               	goto	u37_21
  1409  01C7  29C9               	goto	u37_20
  1410  01C8                     u37_21:
  1411  01C8  29D0               	goto	i1l1132
  1412  01C9                     u37_20:
  1413  01C9                     i1l1126:
  1414                           
  1415                           ;main.c: 42:                 PORTC = 0X00;
  1416  01C9  3001               	movlw	1
  1417  01CA  00F0               	movwf	??_isr
  1418  01CB  0870               	movf	??_isr,w
  1419  01CC  07B0               	addwf	_Contador,f
  1420  01CD                     i1l1128:
  1421                           
  1422                           ;main.c: 43:                 multiplexado(Uni);
  1423  01CD  0806               	movf	6,w	;volatile
  1424  01CE  0086               	movwf	6	;volatile
  1425  01CF                     i1l1130:
  1426                           
  1427                           ;main.c: 44:                 PORTC = 0X01;
  1428  01CF  100B               	bcf	11,0	;volatile
  1429  01D0                     i1l1132:
  1430                           
  1431                           ;main.c: 46:             case 1:
  1432  01D0  1C0B               	btfss	11,0	;volatile
  1433  01D1  29D3               	goto	u38_21
  1434  01D2  29D4               	goto	u38_20
  1435  01D3                     u38_21:
  1436  01D3  29DF               	goto	i1l1142
  1437  01D4                     u38_20:
  1438  01D4                     i1l1134:
  1439  01D4  1283               	bcf	3,5	;RP0=0, select bank0
  1440  01D5  1303               	bcf	3,6	;RP1=0, select bank0
  1441  01D6  1886               	btfsc	6,1	;volatile
  1442  01D7  29D9               	goto	u39_21
  1443  01D8  29DA               	goto	u39_20
  1444  01D9                     u39_21:
  1445  01D9  29DF               	goto	i1l1142
  1446  01DA                     u39_20:
  1447  01DA                     i1l1136:
  1448                           
  1449                           ;main.c: 47:                 PORTC = 0X00;
  1450  01DA  3001               	movlw	1
  1451  01DB  02B0               	subwf	_Contador,f
  1452  01DC                     i1l1138:
  1453                           
  1454                           ;main.c: 48:                 multiplexado(Dec);
  1455  01DC  0806               	movf	6,w	;volatile
  1456  01DD  0086               	movwf	6	;volatile
  1457  01DE                     i1l1140:
  1458                           
  1459                           ;main.c: 49:                 PORTC = 0X02;
  1460  01DE  100B               	bcf	11,0	;volatile
  1461  01DF                     i1l1142:
  1462                           
  1463                           ;main.c: 51:             case 2:
  1464  01DF  1D0B               	btfss	11,2	;volatile
  1465  01E0  29E2               	goto	u40_21
  1466  01E1  29E3               	goto	u40_20
  1467  01E2                     u40_21:
  1468  01E2  29F0               	goto	i1l1152
  1469  01E3                     u40_20:
  1470  01E3                     i1l1144:
  1471                           
  1472                           ;main.c: 53:                 multiplexado(Cent);
  1473  01E3  3001               	movlw	1
  1474  01E4  00F0               	movwf	??_isr
  1475  01E5  0870               	movf	??_isr,w
  1476  01E6  07F7               	addwf	_Conteo,f
  1477  01E7                     i1l1146:
  1478                           
  1479                           ;main.c: 54:                 PORTC = 0X04;
  1480  01E7  3001               	movlw	1
  1481  01E8  1283               	bcf	3,5	;RP0=0, select bank0
  1482  01E9  1303               	bcf	3,6	;RP1=0, select bank0
  1483  01EA  00AE               	movwf	_MUX
  1484  01EB  3000               	movlw	0
  1485  01EC  00AF               	movwf	_MUX+1
  1486  01ED                     i1l1148:
  1487                           
  1488                           ;main.c: 55:                 break;
  1489  01ED  110B               	bcf	11,2	;volatile
  1490  01EE                     i1l1150:
  1491                           
  1492                           ;main.c: 56: 
  1493  01EE  30D9               	movlw	217
  1494  01EF  0081               	movwf	1	;volatile
  1495  01F0                     i1l1152:
  1496                           
  1497                           ;main.c: 58:         MUX = 0;
  1498  01F0  100B               	bcf	11,0	;volatile
  1499  01F1                     i1l60:
  1500  01F1  0872               	movf	??_isr+2,w
  1501  01F2  008A               	movwf	10
  1502  01F3  0E71               	swapf	??_isr+1,w
  1503  01F4  0083               	movwf	3
  1504  01F5  0EFE               	swapf	btemp,f
  1505  01F6  0E7E               	swapf	btemp,w
  1506  01F7  0009               	retfie
  1507  01F8                     __end_of_isr:
  1508  007E                     btemp	set	126	;btemp
  1509  007E                     wtemp0	set	126
  1510                           
  1511                           	psect	intentry
  1512  0004                     __pintentry:	
  1513                           ;incstack = 0
  1514                           ; Regs used in _isr: [wreg+status,2+status,0]
  1515                           
  1516  0004                     interrupt_function:
  1517  007E                     saved_w	set	btemp
  1518  0004  00FE               	movwf	btemp
  1519  0005  0E03               	swapf	3,w
  1520  0006  00F1               	movwf	??_isr+1
  1521  0007  080A               	movf	10,w
  1522  0008  00F2               	movwf	??_isr+2
  1523  0009  120A  118A  29BF   	ljmp	_isr
  1524                           
  1525                           	psect	config
  1526                           
  1527                           ;Config register CONFIG1 @ 0x2007
  1528                           ;	Oscillator Selection bits
  1529                           ;	FOSC = INTRC_NOCLKOUT, INTOSCIO oscillator: I/O function on RA6/OSC2/CLKOUT pin, I/O f
      +                          unction on RA7/OSC1/CLKIN
  1530                           ;	Watchdog Timer Enable bit
  1531                           ;	WDTE = OFF, WDT disabled and can be enabled by SWDTEN bit of the WDTCON register
  1532                           ;	Power-up Timer Enable bit
  1533                           ;	PWRTE = OFF, PWRT disabled
  1534                           ;	RE3/MCLR pin function select bit
  1535                           ;	MCLRE = ON, RE3/MCLR pin function is MCLR
  1536                           ;	Code Protection bit
  1537                           ;	CP = OFF, Program memory code protection is disabled
  1538                           ;	Data Code Protection bit
  1539                           ;	CPD = OFF, Data memory code protection is disabled
  1540                           ;	Brown Out Reset Selection bits
  1541                           ;	BOREN = OFF, BOR disabled
  1542                           ;	Internal External Switchover bit
  1543                           ;	IESO = OFF, Internal/External Switchover mode is disabled
  1544                           ;	Fail-Safe Clock Monitor Enabled bit
  1545                           ;	FCMEN = OFF, Fail-Safe Clock Monitor is disabled
  1546                           ;	Low Voltage Programming Enable bit
  1547                           ;	LVP = OFF, RB3 pin has digital I/O, HV on MCLR must be used for programming
  1548                           ;	In-Circuit Debugger Mode bit
  1549                           ;	DEBUG = 0x1, unprogrammed default
  1550  2007                     	org	8199
  1551  2007  20F4               	dw	8436
  1552                           
  1553                           ;Config register CONFIG2 @ 0x2008
  1554                           ;	Brown-out Reset Selection bit
  1555                           ;	BOR4V = BOR40V, Brown-out Reset set to 4.0V
  1556                           ;	Flash Program Memory Self Write Enable bits
  1557                           ;	WRT = OFF, Write protection off
  1558  2008                     	org	8200
  1559  2008  3FFF               	dw	16383

Data Sizes:
    Strings     0
    Constant    0
    Data        0
    BSS         7
    Persistent  0
    Stack       0

Auto Spaces:
    Space          Size  Autos    Used
    COMMON           14      7      11
    BANK0            80     14      17
    BANK1            80      0       0
    BANK3            96      0       0
    BANK2            96      0       0

Pointer List with Targets:

    division@cent	PTR unsigned char  size(1) Largest target is 1
		 -> Cent(COMMON[1]), 

    division@dec	PTR unsigned char  size(1) Largest target is 1
		 -> Dec(COMMON[1]), 

    division@un	PTR unsigned char  size(1) Largest target is 1
		 -> Uni(COMMON[1]), 


Critical Paths under _main in COMMON

    _division->___awdiv
    _division->___bmul

Critical Paths under _isr in COMMON

    None.

Critical Paths under _main in BANK0

    _main->_division
    _division->___awdiv

Critical Paths under _isr in BANK0

    None.

Critical Paths under _main in BANK1

    None.

Critical Paths under _isr in BANK1

    None.

Critical Paths under _main in BANK3

    None.

Critical Paths under _isr in BANK3

    None.

Critical Paths under _main in BANK2

    None.

Critical Paths under _isr in BANK2

    None.

Call Graph Tables:

 ---------------------------------------------------------------------------------
 (Depth) Function   	        Calls       Base Space   Used Autos Params    Refs
 ---------------------------------------------------------------------------------
 (0) _main                                                 2     2      0    1761
                                             12 BANK0      2     2      0
                      _configuracion
                           _division
                       _multiplexado
 ---------------------------------------------------------------------------------
 (1) _multiplexado                                         3     3      0      22
                                              3 COMMON     3     3      0
 ---------------------------------------------------------------------------------
 (1) _division                                             7     5      2    1739
                                              5 BANK0      7     5      2
                            ___awdiv
                             ___bmul
 ---------------------------------------------------------------------------------
 (2) ___bmul                                               4     3      1     244
                                              3 COMMON     4     3      1
 ---------------------------------------------------------------------------------
 (2) ___awdiv                                              9     5      4     805
                                              3 COMMON     4     0      4
                                              0 BANK0      5     5      0
 ---------------------------------------------------------------------------------
 (1) _configuracion                                        0     0      0       0
 ---------------------------------------------------------------------------------
 Estimated maximum stack depth 2
 ---------------------------------------------------------------------------------
 (Depth) Function   	        Calls       Base Space   Used Autos Params    Refs
 ---------------------------------------------------------------------------------
 (3) _isr                                                  3     3      0       0
                                              0 COMMON     3     3      0
 ---------------------------------------------------------------------------------
 Estimated maximum stack depth 3
 ---------------------------------------------------------------------------------

 Call Graph Graphs:

 _main (ROOT)
   _configuracion
   _division
     ___awdiv
     ___bmul
   _multiplexado

 _isr (ROOT)

 Address spaces:
Name               Size   Autos  Total    Cost      Usage
BITCOMMON            E      0       0       0        0.0%
EEDATA             100      0       0       0        0.0%
NULL                 0      0       0       0        0.0%
CODE                 0      0       0       0        0.0%
COMMON               E      7       B       1       78.6%
BITSFR0              0      0       0       1        0.0%
SFR0                 0      0       0       1        0.0%
BITSFR1              0      0       0       2        0.0%
SFR1                 0      0       0       2        0.0%
STACK                0      0       0       2        0.0%
ABS                  0      0      1C       3        0.0%
BITBANK0            50      0       0       4        0.0%
BITSFR3              0      0       0       4        0.0%
SFR3                 0      0       0       4        0.0%
BANK0               50      E      11       5       21.2%
BITSFR2              0      0       0       5        0.0%
SFR2                 0      0       0       5        0.0%
BITBANK1            50      0       0       6        0.0%
BANK1               50      0       0       7        0.0%
BITBANK3            60      0       0       8        0.0%
BANK3               60      0       0       9        0.0%
BITBANK2            60      0       0      10        0.0%
BANK2               60      0       0      11        0.0%
DATA                 0      0      1C      12        0.0%


Microchip Technology PIC Macro Assembler V2.31 build 20201012212115 
Symbol Table                                                                                   Mon Apr 12 17:11:34 2021

         ___bmul@product 0075                       l77 0226                       l93 01BE  
           ___awdiv@sign 0022           ?_configuracion 0070                      l102 0094  
                    l214 023B                      l341 00FD                      l970 0231  
                    l972 0233                      l964 0228                      l974 023A  
                    l966 0229                      l968 022D                      u220 022D  
                    u221 022C                      u230 023A                      u231 0239  
                    u510 00EF                      u430 009C                      u511 00EE  
                    u431 009B                      u520 00F4                      u440 00A7  
                    u521 00F3                      u505 00E3                      u441 00A6  
                    u450 00B8                      u530 005D                      u451 00B7  
                    u531 005C                      u540 008E                      u541 008D  
                    u470 00CA                      u550 010D                      u471 00C9  
                    u551 010C                      u560 0113                      u465 00BC  
                    u561 0112                      u490 00DB                      u491 00DA  
                    u485 00CB                      u495 00D7                      _MUX 002E  
                    _Dec 0079                      _Uni 007A                      _isr 01BF  
                    fsr0 0004                      indf 0000                     l1100 0178  
                   l1030 0203                     l1022 01F8                     l1110 0191  
                   l1102 017D                     l1040 020C                     l1032 0206  
                   l1024 01FF                     l1104 0182                     l1050 0215  
                   l1042 020D                     l1034 0207                     l1026 0201  
                   l1106 0187                     l1060 021E                     l1052 0216  
                   l1044 020E                     l1036 0208                     l1028 0202  
                   l1108 018C                     l1116 0196                     l1300 0107  
                   l1070 0225                     l1062 0221                     l1054 0217  
                   l1046 0211                     l1038 0209                     l1310 0124  
                   l1302 010D                     l1064 0222                     l1056 021C  
                   l1048 0214                     l1240 00A1                     l1320 013B  
                   l1312 012A                     l1304 0113                     l1066 0223  
                   l1058 021D                     l1250 00B2                     l1242 00A3  
                   l1234 0095                     l1090 0163                     l1322 013C  
                   l1314 012F                     l1330 015C                     l1306 0114  
                   l1068 0224                     l1260 00CA                     l1252 00B8  
                   l1244 00A7                     l1236 0098                     l1092 0164  
                   l1324 0142                     l1316 0130                     l1308 0123  
                   l1262 00DB                     l1254 00BB                     l1270 00EF  
                   l1246 00AC                     l1238 009C                     l1094 0169  
                   l1318 0136                     l1272 00F4                     l1264 00E1  
                   l1256 00C2                     l1248 00B0                     l1280 0023  
                   l1096 016E                     l1328 0147                     l1274 00F9  
                   l1266 00E2                     l1258 00C6                     l1290 005E  
                   l1282 0026                     l1098 0173                     l1268 00E9  
                   l1292 0088                     l1284 0029                     l1294 008E  
                   l1286 002D                     l1278 001F                     l1288 0057  
                   l1376 0151                     l1296 00FE                     l1378 019E  
                   l1298 0103                     ?_isr 0070                     i1l60 01F1  
                   _TMR0 0001                     _Cent 0078                     _main 00FE  
                   btemp 007E                     start 000C        ___bmul@multiplier 0076  
            division@dec 0025              division@div 002B                    ??_isr 0070  
                  ?_main 0070          __end_of___awdiv 00FE                    _ANSEL 0188  
        ___awdiv@divisor 0073          ___awdiv@counter 0021                    u40_20 01E3  
                  u40_21 01E2                    _PORTA 0005                    _PORTB 0006  
                  _PORTC 0007                    _PORTD 0008                    u36_20 01C3  
                  u36_21 01C2                    u37_20 01C9                    u37_21 01C8  
                  u38_20 01D4                    u38_21 01D3                    u39_20 01DA  
                  u39_21 01D9                    _TRISA 0085                    _TRISB 0086  
                  _TRISC 0087                    _TRISD 0088                    pclath 000A  
                  status 0003                    wtemp0 007E          __initialization 000F  
           __end_of_main 0162          ??_configuracion 0073             division@cent 0026  
                 ??_main 002C         ___awdiv@dividend 0075                   _ANSELH 0189  
                 i1l1130 01CF                   i1l1122 01BF                   i1l1140 01DE  
                 i1l1124 01C3                   i1l1132 01D0                   i1l1150 01EE  
                 i1l1134 01D4                   i1l1142 01DF                   i1l1126 01C9  
                 i1l1144 01E3                   i1l1152 01F0                   i1l1136 01DA  
                 i1l1128 01CD                   i1l1146 01E7                   i1l1138 01DC  
                 i1l1148 01ED                   _Conteo 0077                   ___bmul 0227  
       __end_of_division 0095                ??___awdiv 0020         ___awdiv@quotient 0023  
                 saved_w 007E  __end_of__initialization 0018      ___bmul@multiplicand 0073  
         __pcstackCOMMON 0070           _OPTION_REGbits 0081               __pbssBANK0 002E  
             __pmaintext 00FE                  ?___bmul 0073               __pintentry 0004  
              ?_division 0025          __size_of___bmul 0015                  ___awdiv 0095  
                __ptext1 0162                  __ptext2 001C                  __ptext3 0227  
                __ptext4 0095                  __ptext5 01F8                  __ptext6 01BF  
           __size_of_isr 0039     end_of_initialization 0018               ??_division 0027  
        multiplexado@val 0075    __end_of_configuracion 0227                _PORTBbits 0006  
          ?_multiplexado 0070               division@un 002A           __end_of___bmul 023C  
         ??_multiplexado 0073      start_initialization 000F              __end_of_isr 01F8  
               ??___bmul 0074              __pbssCOMMON 0077                ___latbits 0002  
          __pcstackBANK0 0020        __size_of_division 0079                 ?___awdiv 0073  
      interrupt_function 0004                 _IOCBbits 0096     __end_of_multiplexado 01BF  
               _WPUBbits 0095                 _Contador 0030         __size_of___awdiv 0069  
               _division 001C   __size_of_configuracion 002F            __size_of_main 0064  
             _INTCONbits 000B                 intlevel1 0000    __size_of_multiplexado 005D  
             _OSCCONbits 008F            _configuracion 01F8             _multiplexado 0162  
